mode: atomic
github.com/CyanAutomation/gogomio/cmd/gogomio/main.go:53.13,55.48 1 0
github.com/CyanAutomation/gogomio/cmd/gogomio/main.go:55.48,58.3 1 0
github.com/CyanAutomation/gogomio/cmd/gogomio/main.go:58.8,61.3 1 0
github.com/CyanAutomation/gogomio/cmd/gogomio/main.go:65.20,75.24 4 0
github.com/CyanAutomation/gogomio/cmd/gogomio/main.go:75.24,75.57 1 0
github.com/CyanAutomation/gogomio/cmd/gogomio/main.go:76.24,76.57 1 0
github.com/CyanAutomation/gogomio/cmd/gogomio/main.go:78.2,78.16 1 0
github.com/CyanAutomation/gogomio/cmd/gogomio/main.go:78.16,80.3 1 0
github.com/CyanAutomation/gogomio/cmd/gogomio/main.go:81.2,81.15 1 0
github.com/CyanAutomation/gogomio/cmd/gogomio/main.go:81.15,82.36 1 0
github.com/CyanAutomation/gogomio/cmd/gogomio/main.go:82.36,84.4 1 0
github.com/CyanAutomation/gogomio/cmd/gogomio/main.go:87.2,98.12 7 0
github.com/CyanAutomation/gogomio/cmd/gogomio/main.go:98.12,100.90 2 0
github.com/CyanAutomation/gogomio/cmd/gogomio/main.go:100.90,102.4 1 0
github.com/CyanAutomation/gogomio/cmd/gogomio/main.go:106.2,119.12 6 0
github.com/CyanAutomation/gogomio/cmd/gogomio/main.go:119.12,122.40 3 0
github.com/CyanAutomation/gogomio/cmd/gogomio/main.go:122.40,124.4 1 0
github.com/CyanAutomation/gogomio/cmd/gogomio/main.go:128.2,133.79 5 0
github.com/CyanAutomation/gogomio/cmd/gogomio/main.go:133.79,135.3 1 0
github.com/CyanAutomation/gogomio/cmd/gogomio/main.go:137.2,137.31 1 0
github.com/CyanAutomation/gogomio/cmd/gogomio/main.go:144.34,145.20 1 4
github.com/CyanAutomation/gogomio/cmd/gogomio/main.go:145.20,148.99 3 1
github.com/CyanAutomation/gogomio/cmd/gogomio/main.go:148.99,150.4 1 0
github.com/CyanAutomation/gogomio/cmd/gogomio/main.go:151.3,151.26 1 1
github.com/CyanAutomation/gogomio/cmd/gogomio/main.go:155.2,158.102 4 3
github.com/CyanAutomation/gogomio/cmd/gogomio/main.go:158.102,162.31 4 2
github.com/CyanAutomation/gogomio/cmd/gogomio/main.go:162.31,163.29 1 0
github.com/CyanAutomation/gogomio/cmd/gogomio/main.go:163.29,165.5 1 0
github.com/CyanAutomation/gogomio/cmd/gogomio/main.go:166.4,166.28 1 0
github.com/CyanAutomation/gogomio/cmd/gogomio/main.go:166.28,168.5 1 0
github.com/CyanAutomation/gogomio/cmd/gogomio/main.go:171.3,174.61 4 2
github.com/CyanAutomation/gogomio/cmd/gogomio/main.go:174.61,176.4 1 2
github.com/CyanAutomation/gogomio/cmd/gogomio/main.go:177.3,192.99 16 2
github.com/CyanAutomation/gogomio/cmd/gogomio/main.go:192.99,194.4 1 0
github.com/CyanAutomation/gogomio/cmd/gogomio/main.go:195.3,195.35 1 2
github.com/CyanAutomation/gogomio/cmd/gogomio/main.go:198.2,198.29 1 1
github.com/CyanAutomation/gogomio/cmd/gogomio/main.go:202.26,207.21 4 0
github.com/CyanAutomation/gogomio/cmd/gogomio/main.go:207.21,211.16 4 0
github.com/CyanAutomation/gogomio/cmd/gogomio/main.go:211.16,213.4 1 0
github.com/CyanAutomation/gogomio/cmd/gogomio/main.go:213.9,213.23 1 0
github.com/CyanAutomation/gogomio/cmd/gogomio/main.go:213.23,215.4 1 0
github.com/CyanAutomation/gogomio/cmd/gogomio/main.go:216.3,217.20 2 0
github.com/CyanAutomation/gogomio/docs/docs.go:754.13,756.2 1 0
github.com/CyanAutomation/gogomio/internal/api/handlers.go:87.75,89.2 1 17
github.com/CyanAutomation/gogomio/internal/api/handlers.go:91.104,94.26 3 225
github.com/CyanAutomation/gogomio/internal/api/handlers.go:94.26,96.3 1 3
github.com/CyanAutomation/gogomio/internal/api/handlers.go:98.2,120.11 4 225
github.com/CyanAutomation/gogomio/internal/api/handlers.go:124.44,127.14 3 55
github.com/CyanAutomation/gogomio/internal/api/handlers.go:127.14,135.3 6 53
github.com/CyanAutomation/gogomio/internal/api/handlers.go:139.44,141.18 2 256
github.com/CyanAutomation/gogomio/internal/api/handlers.go:141.18,147.3 4 3
github.com/CyanAutomation/gogomio/internal/api/handlers.go:148.2,149.19 2 253
github.com/CyanAutomation/gogomio/internal/api/handlers.go:149.19,152.3 2 251
github.com/CyanAutomation/gogomio/internal/api/handlers.go:156.40,158.23 2 265
github.com/CyanAutomation/gogomio/internal/api/handlers.go:158.23,161.3 2 31
github.com/CyanAutomation/gogomio/internal/api/handlers.go:163.2,170.25 7 234
github.com/CyanAutomation/gogomio/internal/api/handlers.go:173.47,174.9 1 252
github.com/CyanAutomation/gogomio/internal/api/handlers.go:175.24,177.9 2 133
github.com/CyanAutomation/gogomio/internal/api/handlers.go:178.10,178.10 0 119
github.com/CyanAutomation/gogomio/internal/api/handlers.go:181.2,181.23 1 119
github.com/CyanAutomation/gogomio/internal/api/handlers.go:181.23,184.3 2 0
github.com/CyanAutomation/gogomio/internal/api/handlers.go:186.2,187.24 2 119
github.com/CyanAutomation/gogomio/internal/api/handlers.go:187.24,191.3 3 20
github.com/CyanAutomation/gogomio/internal/api/handlers.go:193.2,194.16 2 99
github.com/CyanAutomation/gogomio/internal/api/handlers.go:194.16,196.3 1 0
github.com/CyanAutomation/gogomio/internal/api/handlers.go:199.2,215.51 8 99
github.com/CyanAutomation/gogomio/internal/api/handlers.go:216.28,216.28 0 87
github.com/CyanAutomation/gogomio/internal/api/handlers.go:218.30,223.33 3 1
github.com/CyanAutomation/gogomio/internal/api/handlers.go:224.29,224.29 0 11
github.com/CyanAutomation/gogomio/internal/api/handlers.go:237.117,238.23 1 100
github.com/CyanAutomation/gogomio/internal/api/handlers.go:238.23,241.3 2 11
github.com/CyanAutomation/gogomio/internal/api/handlers.go:243.2,244.23 2 89
github.com/CyanAutomation/gogomio/internal/api/handlers.go:244.23,248.3 3 0
github.com/CyanAutomation/gogomio/internal/api/handlers.go:249.2,252.15 3 89
github.com/CyanAutomation/gogomio/internal/api/handlers.go:252.15,255.29 3 89
github.com/CyanAutomation/gogomio/internal/api/handlers.go:255.29,257.4 1 89
github.com/CyanAutomation/gogomio/internal/api/handlers.go:258.3,258.28 1 89
github.com/CyanAutomation/gogomio/internal/api/handlers.go:261.2,261.9 1 89
github.com/CyanAutomation/gogomio/internal/api/handlers.go:262.24,264.31 2 1
github.com/CyanAutomation/gogomio/internal/api/handlers.go:265.27,266.30 1 87
github.com/CyanAutomation/gogomio/internal/api/handlers.go:267.17,268.10 1 1
github.com/CyanAutomation/gogomio/internal/api/handlers.go:269.25,271.32 2 0
github.com/CyanAutomation/gogomio/internal/api/handlers.go:272.11,272.11 0 1
github.com/CyanAutomation/gogomio/internal/api/handlers.go:274.3,274.32 1 1
github.com/CyanAutomation/gogomio/internal/api/handlers.go:278.65,283.9 3 2
github.com/CyanAutomation/gogomio/internal/api/handlers.go:284.17,285.37 1 2
github.com/CyanAutomation/gogomio/internal/api/handlers.go:285.37,287.4 1 1
github.com/CyanAutomation/gogomio/internal/api/handlers.go:288.20,289.20 1 0
github.com/CyanAutomation/gogomio/internal/api/handlers.go:289.20,291.4 1 0
github.com/CyanAutomation/gogomio/internal/api/handlers.go:292.3,292.67 1 0
github.com/CyanAutomation/gogomio/internal/api/handlers.go:293.24,294.20 1 0
github.com/CyanAutomation/gogomio/internal/api/handlers.go:294.20,296.4 1 0
github.com/CyanAutomation/gogomio/internal/api/handlers.go:300.76,302.96 2 7
github.com/CyanAutomation/gogomio/internal/api/handlers.go:302.96,305.3 2 1
github.com/CyanAutomation/gogomio/internal/api/handlers.go:306.2,311.17 5 6
github.com/CyanAutomation/gogomio/internal/api/handlers.go:311.17,313.3 1 6
github.com/CyanAutomation/gogomio/internal/api/handlers.go:314.2,314.13 1 6
github.com/CyanAutomation/gogomio/internal/api/handlers.go:318.39,319.15 1 225
github.com/CyanAutomation/gogomio/internal/api/handlers.go:319.15,322.3 2 212
github.com/CyanAutomation/gogomio/internal/api/handlers.go:324.2,326.6 2 225
github.com/CyanAutomation/gogomio/internal/api/handlers.go:326.6,327.10 1 251
github.com/CyanAutomation/gogomio/internal/api/handlers.go:328.25,329.10 1 100
github.com/CyanAutomation/gogomio/internal/api/handlers.go:331.34,332.11 1 138
github.com/CyanAutomation/gogomio/internal/api/handlers.go:332.11,335.5 1 50
github.com/CyanAutomation/gogomio/internal/api/handlers.go:337.4,338.11 2 88
github.com/CyanAutomation/gogomio/internal/api/handlers.go:339.19,341.40 1 5
github.com/CyanAutomation/gogomio/internal/api/handlers.go:341.40,343.14 2 0
github.com/CyanAutomation/gogomio/internal/api/handlers.go:345.5,346.13 2 5
github.com/CyanAutomation/gogomio/internal/api/handlers.go:348.22,349.22 1 21
github.com/CyanAutomation/gogomio/internal/api/handlers.go:349.22,351.6 1 0
github.com/CyanAutomation/gogomio/internal/api/handlers.go:353.5,353.60 1 21
github.com/CyanAutomation/gogomio/internal/api/handlers.go:355.26,356.22 1 62
github.com/CyanAutomation/gogomio/internal/api/handlers.go:356.22,358.6 1 0
github.com/CyanAutomation/gogomio/internal/api/handlers.go:359.5,359.11 1 62
github.com/CyanAutomation/gogomio/internal/api/handlers.go:366.39,368.24 2 435
github.com/CyanAutomation/gogomio/internal/api/handlers.go:368.24,372.3 3 209
github.com/CyanAutomation/gogomio/internal/api/handlers.go:373.2,378.17 6 226
github.com/CyanAutomation/gogomio/internal/api/handlers.go:378.17,380.3 1 226
github.com/CyanAutomation/gogomio/internal/api/handlers.go:381.2,382.52 2 226
github.com/CyanAutomation/gogomio/internal/api/handlers.go:386.59,388.15 2 234
github.com/CyanAutomation/gogomio/internal/api/handlers.go:388.15,389.31 1 232
github.com/CyanAutomation/gogomio/internal/api/handlers.go:389.31,391.4 1 0
github.com/CyanAutomation/gogomio/internal/api/handlers.go:392.3,394.26 3 232
github.com/CyanAutomation/gogomio/internal/api/handlers.go:394.26,397.4 2 0
github.com/CyanAutomation/gogomio/internal/api/handlers.go:398.3,398.24 1 232
github.com/CyanAutomation/gogomio/internal/api/handlers.go:401.2,404.6 3 234
github.com/CyanAutomation/gogomio/internal/api/handlers.go:404.6,405.10 1 625
github.com/CyanAutomation/gogomio/internal/api/handlers.go:406.15,408.10 2 230
github.com/CyanAutomation/gogomio/internal/api/handlers.go:409.11,409.11 0 395
github.com/CyanAutomation/gogomio/internal/api/handlers.go:415.3,416.17 2 395
github.com/CyanAutomation/gogomio/internal/api/handlers.go:416.17,419.70 3 33
github.com/CyanAutomation/gogomio/internal/api/handlers.go:419.70,421.5 1 6
github.com/CyanAutomation/gogomio/internal/api/handlers.go:423.4,424.11 2 33
github.com/CyanAutomation/gogomio/internal/api/handlers.go:425.16,428.11 3 2
github.com/CyanAutomation/gogomio/internal/api/handlers.go:429.19,429.19 0 29
github.com/CyanAutomation/gogomio/internal/api/handlers.go:432.4,433.41 2 29
github.com/CyanAutomation/gogomio/internal/api/handlers.go:433.41,435.5 1 13
github.com/CyanAutomation/gogomio/internal/api/handlers.go:436.4,437.12 2 29
github.com/CyanAutomation/gogomio/internal/api/handlers.go:440.3,440.19 1 362
github.com/CyanAutomation/gogomio/internal/api/handlers.go:440.19,442.91 2 362
github.com/CyanAutomation/gogomio/internal/api/handlers.go:442.91,444.5 1 0
github.com/CyanAutomation/gogomio/internal/api/handlers.go:445.4,446.47 2 362
github.com/CyanAutomation/gogomio/internal/api/handlers.go:451.68,455.2 3 2
github.com/CyanAutomation/gogomio/internal/api/handlers.go:458.32,459.31 1 414
github.com/CyanAutomation/gogomio/internal/api/handlers.go:459.31,461.3 1 212
github.com/CyanAutomation/gogomio/internal/api/handlers.go:463.2,467.28 4 414
github.com/CyanAutomation/gogomio/internal/api/handlers.go:467.28,469.3 1 1
github.com/CyanAutomation/gogomio/internal/api/handlers.go:470.2,473.29 2 414
github.com/CyanAutomation/gogomio/internal/api/handlers.go:473.29,475.3 1 212
github.com/CyanAutomation/gogomio/internal/api/handlers.go:477.2,482.47 4 414
github.com/CyanAutomation/gogomio/internal/api/handlers.go:487.43,495.18 4 9
github.com/CyanAutomation/gogomio/internal/api/handlers.go:495.18,497.3 1 9
github.com/CyanAutomation/gogomio/internal/api/handlers.go:500.2,500.34 1 0
github.com/CyanAutomation/gogomio/internal/api/handlers.go:504.51,506.2 1 1
github.com/CyanAutomation/gogomio/internal/api/handlers.go:509.56,511.2 1 1
github.com/CyanAutomation/gogomio/internal/api/handlers.go:514.88,516.2 1 2
github.com/CyanAutomation/gogomio/internal/api/handlers.go:519.52,521.2 1 0
github.com/CyanAutomation/gogomio/internal/api/handlers.go:525.103,527.50 1 30
github.com/CyanAutomation/gogomio/internal/api/handlers.go:527.50,532.3 4 1
github.com/CyanAutomation/gogomio/internal/api/handlers.go:533.2,550.9 12 29
github.com/CyanAutomation/gogomio/internal/api/handlers.go:550.9,553.3 2 0
github.com/CyanAutomation/gogomio/internal/api/handlers.go:555.2,564.6 8 29
github.com/CyanAutomation/gogomio/internal/api/handlers.go:564.6,571.10 4 314
github.com/CyanAutomation/gogomio/internal/api/handlers.go:572.21,575.20 3 0
github.com/CyanAutomation/gogomio/internal/api/handlers.go:576.21,578.39 2 0
github.com/CyanAutomation/gogomio/internal/api/handlers.go:579.11,579.11 0 314
github.com/CyanAutomation/gogomio/internal/api/handlers.go:582.3,584.10 2 314
github.com/CyanAutomation/gogomio/internal/api/handlers.go:585.21,587.20 2 4
github.com/CyanAutomation/gogomio/internal/api/handlers.go:588.21,589.39 1 20
github.com/CyanAutomation/gogomio/internal/api/handlers.go:590.11,590.11 0 288
github.com/CyanAutomation/gogomio/internal/api/handlers.go:593.3,593.19 1 288
github.com/CyanAutomation/gogomio/internal/api/handlers.go:593.19,596.25 2 247
github.com/CyanAutomation/gogomio/internal/api/handlers.go:596.25,598.5 1 4
github.com/CyanAutomation/gogomio/internal/api/handlers.go:598.10,598.35 1 243
github.com/CyanAutomation/gogomio/internal/api/handlers.go:598.35,600.5 1 23
github.com/CyanAutomation/gogomio/internal/api/handlers.go:601.4,601.12 1 247
github.com/CyanAutomation/gogomio/internal/api/handlers.go:604.3,606.78 2 41
github.com/CyanAutomation/gogomio/internal/api/handlers.go:606.78,609.4 2 3
github.com/CyanAutomation/gogomio/internal/api/handlers.go:611.3,612.22 2 38
github.com/CyanAutomation/gogomio/internal/api/handlers.go:612.22,614.4 1 29
github.com/CyanAutomation/gogomio/internal/api/handlers.go:616.3,616.18 1 38
github.com/CyanAutomation/gogomio/internal/api/handlers.go:620.99,623.55 2 41
github.com/CyanAutomation/gogomio/internal/api/handlers.go:623.55,625.3 1 3
github.com/CyanAutomation/gogomio/internal/api/handlers.go:626.2,626.58 1 38
github.com/CyanAutomation/gogomio/internal/api/handlers.go:626.58,628.3 1 0
github.com/CyanAutomation/gogomio/internal/api/handlers.go:629.2,629.60 1 38
github.com/CyanAutomation/gogomio/internal/api/handlers.go:629.60,631.3 1 0
github.com/CyanAutomation/gogomio/internal/api/handlers.go:632.2,632.58 1 38
github.com/CyanAutomation/gogomio/internal/api/handlers.go:632.58,634.3 1 0
github.com/CyanAutomation/gogomio/internal/api/handlers.go:635.2,635.56 1 38
github.com/CyanAutomation/gogomio/internal/api/handlers.go:635.56,637.3 1 0
github.com/CyanAutomation/gogomio/internal/api/handlers.go:638.2,638.42 1 38
github.com/CyanAutomation/gogomio/internal/api/handlers.go:638.42,640.3 1 0
github.com/CyanAutomation/gogomio/internal/api/handlers.go:641.2,642.12 2 38
github.com/CyanAutomation/gogomio/internal/api/handlers.go:781.71,784.19 3 14
github.com/CyanAutomation/gogomio/internal/api/handlers.go:784.19,786.3 1 0
github.com/CyanAutomation/gogomio/internal/api/handlers.go:788.2,794.3 1 14
github.com/CyanAutomation/gogomio/internal/api/handlers.go:798.46,802.40 3 541
github.com/CyanAutomation/gogomio/internal/api/handlers.go:802.40,805.3 2 2
github.com/CyanAutomation/gogomio/internal/api/handlers.go:807.2,810.55 2 541
github.com/CyanAutomation/gogomio/internal/api/handlers.go:810.55,818.3 3 530
github.com/CyanAutomation/gogomio/internal/api/handlers.go:820.2,823.34 2 11
github.com/CyanAutomation/gogomio/internal/api/handlers.go:823.34,827.3 3 2
github.com/CyanAutomation/gogomio/internal/api/handlers.go:829.2,831.14 2 9
github.com/CyanAutomation/gogomio/internal/api/handlers.go:834.71,835.45 1 2
github.com/CyanAutomation/gogomio/internal/api/handlers.go:835.45,837.3 1 0
github.com/CyanAutomation/gogomio/internal/api/handlers.go:839.2,841.39 3 2
github.com/CyanAutomation/gogomio/internal/api/handlers.go:841.39,842.27 1 66
github.com/CyanAutomation/gogomio/internal/api/handlers.go:842.27,844.4 1 1
github.com/CyanAutomation/gogomio/internal/api/handlers.go:845.3,846.38 2 65
github.com/CyanAutomation/gogomio/internal/api/handlers.go:846.38,848.4 1 65
github.com/CyanAutomation/gogomio/internal/api/handlers.go:853.80,854.46 1 12
github.com/CyanAutomation/gogomio/internal/api/handlers.go:854.46,855.72 1 12
github.com/CyanAutomation/gogomio/internal/api/handlers.go:855.72,858.69 2 4
github.com/CyanAutomation/gogomio/internal/api/handlers.go:858.69,859.57 1 2
github.com/CyanAutomation/gogomio/internal/api/handlers.go:859.57,861.25 2 2
github.com/CyanAutomation/gogomio/internal/api/handlers.go:861.25,863.12 2 2
github.com/CyanAutomation/gogomio/internal/api/handlers.go:867.4,867.16 1 4
github.com/CyanAutomation/gogomio/internal/api/handlers.go:867.16,869.33 2 2
github.com/CyanAutomation/gogomio/internal/api/handlers.go:869.33,871.6 1 2
github.com/CyanAutomation/gogomio/internal/api/handlers.go:871.11,873.6 1 0
github.com/CyanAutomation/gogomio/internal/api/handlers.go:877.4,877.26 1 4
github.com/CyanAutomation/gogomio/internal/api/handlers.go:877.26,887.5 5 2
github.com/CyanAutomation/gogomio/internal/api/handlers.go:889.4,889.24 1 2
github.com/CyanAutomation/gogomio/internal/api/handlers.go:896.78,913.41 7 10
github.com/CyanAutomation/gogomio/internal/api/handlers.go:913.41,917.3 2 10
github.com/CyanAutomation/gogomio/internal/api/handlers.go:920.2,920.52 1 10
github.com/CyanAutomation/gogomio/internal/api/handlers.go:924.103,926.69 1 10
github.com/CyanAutomation/gogomio/internal/api/handlers.go:926.69,928.3 1 0
github.com/CyanAutomation/gogomio/internal/api/handlers.go:930.2,930.68 1 10
github.com/CyanAutomation/gogomio/internal/api/handlers.go:930.68,932.3 1 0
github.com/CyanAutomation/gogomio/internal/api/handlers.go:935.2,935.76 1 10
github.com/CyanAutomation/gogomio/internal/api/handlers.go:935.76,937.3 1 0
github.com/CyanAutomation/gogomio/internal/api/handlers.go:939.2,939.75 1 10
github.com/CyanAutomation/gogomio/internal/api/handlers.go:939.75,941.3 1 0
github.com/CyanAutomation/gogomio/internal/api/handlers.go:943.2,943.78 1 10
github.com/CyanAutomation/gogomio/internal/api/handlers.go:943.78,945.3 1 0
github.com/CyanAutomation/gogomio/internal/api/handlers.go:948.2,948.74 1 10
github.com/CyanAutomation/gogomio/internal/api/handlers.go:948.74,949.72 1 0
github.com/CyanAutomation/gogomio/internal/api/handlers.go:949.72,952.4 1 0
github.com/CyanAutomation/gogomio/internal/api/handlers.go:956.2,956.69 1 10
github.com/CyanAutomation/gogomio/internal/api/handlers.go:956.69,957.72 1 0
github.com/CyanAutomation/gogomio/internal/api/handlers.go:957.72,960.4 1 0
github.com/CyanAutomation/gogomio/internal/api/handlers.go:963.2,963.75 1 10
github.com/CyanAutomation/gogomio/internal/api/handlers.go:963.75,965.3 1 0
github.com/CyanAutomation/gogomio/internal/api/handlers.go:968.2,968.73 1 10
github.com/CyanAutomation/gogomio/internal/api/handlers.go:968.73,970.3 1 0
github.com/CyanAutomation/gogomio/internal/api/handlers.go:972.2,972.73 1 10
github.com/CyanAutomation/gogomio/internal/api/handlers.go:972.73,974.3 1 0
github.com/CyanAutomation/gogomio/internal/api/handlers.go:976.2,976.79 1 10
github.com/CyanAutomation/gogomio/internal/api/handlers.go:976.79,978.3 1 0
github.com/CyanAutomation/gogomio/internal/api/handlers.go:981.2,981.75 1 10
github.com/CyanAutomation/gogomio/internal/api/handlers.go:981.75,983.3 1 0
github.com/CyanAutomation/gogomio/internal/api/handlers.go:985.2,985.76 1 10
github.com/CyanAutomation/gogomio/internal/api/handlers.go:985.76,987.3 1 0
github.com/CyanAutomation/gogomio/internal/api/handlers.go:989.2,989.75 1 10
github.com/CyanAutomation/gogomio/internal/api/handlers.go:989.75,991.3 1 0
github.com/CyanAutomation/gogomio/internal/api/handlers.go:994.2,994.78 1 10
github.com/CyanAutomation/gogomio/internal/api/handlers.go:994.78,996.3 1 0
github.com/CyanAutomation/gogomio/internal/api/handlers.go:1000.107,1002.69 1 10
github.com/CyanAutomation/gogomio/internal/api/handlers.go:1002.69,1004.3 1 1
github.com/CyanAutomation/gogomio/internal/api/handlers.go:1006.2,1006.68 1 10
github.com/CyanAutomation/gogomio/internal/api/handlers.go:1006.68,1008.3 1 1
github.com/CyanAutomation/gogomio/internal/api/handlers.go:1011.2,1011.74 1 10
github.com/CyanAutomation/gogomio/internal/api/handlers.go:1011.74,1012.72 1 5
github.com/CyanAutomation/gogomio/internal/api/handlers.go:1012.72,1014.4 1 3
github.com/CyanAutomation/gogomio/internal/api/handlers.go:1018.2,1018.69 1 10
github.com/CyanAutomation/gogomio/internal/api/handlers.go:1018.69,1019.72 1 0
github.com/CyanAutomation/gogomio/internal/api/handlers.go:1019.72,1021.4 1 0
github.com/CyanAutomation/gogomio/internal/api/handlers.go:1024.2,1024.75 1 10
github.com/CyanAutomation/gogomio/internal/api/handlers.go:1024.75,1026.3 1 1
github.com/CyanAutomation/gogomio/internal/api/handlers.go:1029.2,1029.73 1 10
github.com/CyanAutomation/gogomio/internal/api/handlers.go:1029.73,1031.3 1 2
github.com/CyanAutomation/gogomio/internal/api/handlers.go:1033.2,1033.73 1 10
github.com/CyanAutomation/gogomio/internal/api/handlers.go:1033.73,1035.3 1 1
github.com/CyanAutomation/gogomio/internal/api/handlers.go:1037.2,1037.79 1 10
github.com/CyanAutomation/gogomio/internal/api/handlers.go:1037.79,1039.3 1 0
github.com/CyanAutomation/gogomio/internal/api/handlers.go:1042.2,1042.75 1 10
github.com/CyanAutomation/gogomio/internal/api/handlers.go:1042.75,1044.3 1 0
github.com/CyanAutomation/gogomio/internal/api/handlers.go:1046.2,1046.76 1 10
github.com/CyanAutomation/gogomio/internal/api/handlers.go:1046.76,1048.3 1 0
github.com/CyanAutomation/gogomio/internal/api/handlers.go:1050.2,1050.75 1 10
github.com/CyanAutomation/gogomio/internal/api/handlers.go:1050.75,1052.3 1 0
github.com/CyanAutomation/gogomio/internal/api/handlers.go:1055.2,1055.78 1 10
github.com/CyanAutomation/gogomio/internal/api/handlers.go:1055.78,1057.3 1 0
github.com/CyanAutomation/gogomio/internal/api/handlers.go:1070.98,1075.23 4 1
github.com/CyanAutomation/gogomio/internal/api/handlers.go:1075.23,1077.3 1 0
github.com/CyanAutomation/gogomio/internal/api/handlers.go:1077.8,1077.21 1 1
github.com/CyanAutomation/gogomio/internal/api/handlers.go:1077.21,1079.3 1 0
github.com/CyanAutomation/gogomio/internal/api/handlers.go:1081.2,1093.60 3 1
github.com/CyanAutomation/gogomio/internal/api/handlers.go:1093.60,1095.3 1 0
github.com/CyanAutomation/gogomio/internal/api/handlers.go:1105.85,1117.60 3 0
github.com/CyanAutomation/gogomio/internal/api/handlers.go:1117.60,1119.3 1 0
github.com/CyanAutomation/gogomio/internal/api/handlers.go:1130.123,1146.60 4 0
github.com/CyanAutomation/gogomio/internal/api/handlers.go:1146.60,1148.3 1 0
github.com/CyanAutomation/gogomio/internal/api/handlers.go:1159.126,1165.23 5 1
github.com/CyanAutomation/gogomio/internal/api/handlers.go:1165.23,1168.3 2 0
github.com/CyanAutomation/gogomio/internal/api/handlers.go:1168.8,1168.21 1 1
github.com/CyanAutomation/gogomio/internal/api/handlers.go:1168.21,1171.3 2 0
github.com/CyanAutomation/gogomio/internal/api/handlers.go:1174.2,1175.20 2 1
github.com/CyanAutomation/gogomio/internal/api/handlers.go:1175.20,1177.3 1 0
github.com/CyanAutomation/gogomio/internal/api/handlers.go:1180.2,1181.19 2 1
github.com/CyanAutomation/gogomio/internal/api/handlers.go:1181.19,1183.21 2 0
github.com/CyanAutomation/gogomio/internal/api/handlers.go:1183.21,1185.4 1 0
github.com/CyanAutomation/gogomio/internal/api/handlers.go:1187.2,1187.47 1 1
github.com/CyanAutomation/gogomio/internal/api/handlers.go:1187.47,1190.3 2 0
github.com/CyanAutomation/gogomio/internal/api/handlers.go:1191.2,1191.35 1 1
github.com/CyanAutomation/gogomio/internal/api/handlers.go:1191.35,1194.3 2 0
github.com/CyanAutomation/gogomio/internal/api/handlers.go:1196.2,1223.60 4 1
github.com/CyanAutomation/gogomio/internal/api/handlers.go:1223.60,1225.3 1 0
github.com/CyanAutomation/gogomio/internal/api/handlers.go:1236.76,1237.23 1 3
github.com/CyanAutomation/gogomio/internal/api/handlers.go:1237.23,1240.96 3 1
github.com/CyanAutomation/gogomio/internal/api/handlers.go:1240.96,1242.4 1 0
github.com/CyanAutomation/gogomio/internal/api/handlers.go:1243.3,1243.9 1 1
github.com/CyanAutomation/gogomio/internal/api/handlers.go:1246.2,1247.88 2 2
github.com/CyanAutomation/gogomio/internal/api/handlers.go:1247.88,1249.3 1 0
github.com/CyanAutomation/gogomio/internal/api/handlers.go:1261.79,1263.18 2 1
github.com/CyanAutomation/gogomio/internal/api/handlers.go:1263.18,1267.3 3 0
github.com/CyanAutomation/gogomio/internal/api/handlers.go:1269.2,1271.23 3 1
github.com/CyanAutomation/gogomio/internal/api/handlers.go:1283.124,1305.60 5 2
github.com/CyanAutomation/gogomio/internal/api/handlers.go:1305.60,1307.3 1 0
github.com/CyanAutomation/gogomio/internal/api/handlers.go:1319.121,1322.2 1 1
github.com/CyanAutomation/gogomio/internal/api/handlers.go:1333.82,1339.17 3 1
github.com/CyanAutomation/gogomio/internal/api/handlers.go:1339.17,1341.3 1 0
github.com/CyanAutomation/gogomio/internal/api/handlers.go:1371.123,1375.2 2 0
github.com/CyanAutomation/gogomio/internal/api/handlers.go:1389.85,1391.61 2 0
github.com/CyanAutomation/gogomio/internal/api/handlers.go:1391.61,1394.3 2 0
github.com/CyanAutomation/gogomio/internal/api/handlers.go:1396.2,1396.59 1 0
github.com/CyanAutomation/gogomio/internal/api/handlers.go:1396.59,1399.3 2 0
github.com/CyanAutomation/gogomio/internal/api/handlers.go:1401.2,1405.4 2 0
github.com/CyanAutomation/gogomio/internal/api/handlers.go:1415.81,1429.2 5 0
github.com/CyanAutomation/gogomio/internal/api/handlers.go:1433.96,1441.16 4 0
github.com/CyanAutomation/gogomio/internal/api/handlers.go:1441.16,1444.3 1 0
github.com/CyanAutomation/gogomio/internal/api/handlers.go:1447.56,1448.71 1 10
github.com/CyanAutomation/gogomio/internal/api/handlers.go:1448.71,1452.3 1 12
github.com/CyanAutomation/gogomio/internal/api/handlers.go:1455.53,1456.71 1 10
github.com/CyanAutomation/gogomio/internal/api/handlers.go:1456.71,1458.19 2 14
github.com/CyanAutomation/gogomio/internal/api/handlers.go:1458.19,1461.4 2 11
github.com/CyanAutomation/gogomio/internal/api/handlers.go:1463.3,1468.37 5 3
github.com/CyanAutomation/gogomio/internal/api/handlers.go:1468.37,1470.21 2 2
github.com/CyanAutomation/gogomio/internal/api/handlers.go:1471.77,1472.40 1 1
github.com/CyanAutomation/gogomio/internal/api/handlers.go:1473.12,1474.47 1 1
github.com/CyanAutomation/gogomio/internal/api/handlers.go:1476.4,1476.10 1 2
github.com/CyanAutomation/gogomio/internal/api/handlers.go:1479.3,1479.23 1 1
github.com/CyanAutomation/gogomio/internal/cli/client.go:21.40,22.19 1 13
github.com/CyanAutomation/gogomio/internal/cli/client.go:22.19,24.3 1 0
github.com/CyanAutomation/gogomio/internal/cli/client.go:26.2,31.3 1 13
github.com/CyanAutomation/gogomio/internal/cli/client.go:35.30,37.15 2 3
github.com/CyanAutomation/gogomio/internal/cli/client.go:37.15,39.3 1 1
github.com/CyanAutomation/gogomio/internal/cli/client.go:40.2,40.23 1 3
github.com/CyanAutomation/gogomio/internal/cli/client.go:44.60,47.16 3 11
github.com/CyanAutomation/gogomio/internal/cli/client.go:47.16,49.3 1 1
github.com/CyanAutomation/gogomio/internal/cli/client.go:50.2,50.15 1 10
github.com/CyanAutomation/gogomio/internal/cli/client.go:50.15,52.3 1 10
github.com/CyanAutomation/gogomio/internal/cli/client.go:54.2,54.38 1 10
github.com/CyanAutomation/gogomio/internal/cli/client.go:54.38,57.3 2 1
github.com/CyanAutomation/gogomio/internal/cli/client.go:59.2,59.61 1 9
github.com/CyanAutomation/gogomio/internal/cli/client.go:59.61,61.3 1 0
github.com/CyanAutomation/gogomio/internal/cli/client.go:63.2,63.12 1 9
github.com/CyanAutomation/gogomio/internal/cli/client.go:67.54,70.16 3 1
github.com/CyanAutomation/gogomio/internal/cli/client.go:70.16,72.3 1 0
github.com/CyanAutomation/gogomio/internal/cli/client.go:73.2,73.15 1 1
github.com/CyanAutomation/gogomio/internal/cli/client.go:73.15,75.3 1 1
github.com/CyanAutomation/gogomio/internal/cli/client.go:77.2,77.38 1 1
github.com/CyanAutomation/gogomio/internal/cli/client.go:77.38,80.3 2 0
github.com/CyanAutomation/gogomio/internal/cli/client.go:82.2,82.30 1 1
github.com/CyanAutomation/gogomio/internal/cli/client.go:86.84,88.16 2 1
github.com/CyanAutomation/gogomio/internal/cli/client.go:88.16,90.3 1 0
github.com/CyanAutomation/gogomio/internal/cli/client.go:92.2,94.16 3 1
github.com/CyanAutomation/gogomio/internal/cli/client.go:94.16,96.3 1 0
github.com/CyanAutomation/gogomio/internal/cli/client.go:97.2,97.15 1 1
github.com/CyanAutomation/gogomio/internal/cli/client.go:97.15,99.3 1 1
github.com/CyanAutomation/gogomio/internal/cli/client.go:101.2,101.28 1 1
github.com/CyanAutomation/gogomio/internal/cli/client.go:101.28,104.3 2 0
github.com/CyanAutomation/gogomio/internal/cli/client.go:106.2,106.19 1 1
github.com/CyanAutomation/gogomio/internal/cli/client.go:106.19,107.67 1 0
github.com/CyanAutomation/gogomio/internal/cli/client.go:107.67,109.4 1 0
github.com/CyanAutomation/gogomio/internal/cli/client.go:112.2,112.12 1 1
github.com/CyanAutomation/gogomio/internal/cli/client.go:127.55,131.2 3 3
github.com/CyanAutomation/gogomio/internal/cli/client.go:140.55,144.2 3 1
github.com/CyanAutomation/gogomio/internal/cli/client.go:157.71,161.2 3 0
github.com/CyanAutomation/gogomio/internal/cli/client.go:167.54,171.2 3 1
github.com/CyanAutomation/gogomio/internal/cli/client.go:174.48,176.2 1 1
github.com/CyanAutomation/gogomio/internal/cli/client.go:191.65,195.2 3 1
github.com/CyanAutomation/gogomio/internal/cli/client.go:209.57,213.2 3 1
github.com/CyanAutomation/gogomio/internal/cli/client.go:223.63,226.16 3 4
github.com/CyanAutomation/gogomio/internal/cli/client.go:226.16,228.3 1 0
github.com/CyanAutomation/gogomio/internal/cli/client.go:230.2,231.21 2 4
github.com/CyanAutomation/gogomio/internal/cli/client.go:231.21,233.3 1 0
github.com/CyanAutomation/gogomio/internal/cli/client.go:235.2,235.15 1 4
github.com/CyanAutomation/gogomio/internal/cli/client.go:235.15,237.3 1 2
github.com/CyanAutomation/gogomio/internal/cli/client.go:239.2,240.13 2 2
github.com/CyanAutomation/gogomio/internal/cli/client.go:240.13,242.3 1 0
github.com/CyanAutomation/gogomio/internal/cli/client.go:244.2,244.19 1 2
github.com/CyanAutomation/gogomio/internal/cli/client.go:248.66,253.2 2 1
github.com/CyanAutomation/gogomio/internal/cli/client.go:256.37,258.2 1 0
github.com/CyanAutomation/gogomio/internal/cli/client.go:268.53,272.2 3 0
github.com/CyanAutomation/gogomio/internal/cli/commands.go:18.16,19.42 1 0
github.com/CyanAutomation/gogomio/internal/cli/commands.go:19.42,22.3 2 0
github.com/CyanAutomation/gogomio/internal/cli/commands.go:30.54,33.17 3 0
github.com/CyanAutomation/gogomio/internal/cli/commands.go:33.17,35.4 1 0
github.com/CyanAutomation/gogomio/internal/cli/commands.go:36.3,37.13 2 0
github.com/CyanAutomation/gogomio/internal/cli/commands.go:46.54,50.17 3 0
github.com/CyanAutomation/gogomio/internal/cli/commands.go:50.17,52.4 1 0
github.com/CyanAutomation/gogomio/internal/cli/commands.go:53.3,54.13 2 0
github.com/CyanAutomation/gogomio/internal/cli/commands.go:63.54,67.17 3 0
github.com/CyanAutomation/gogomio/internal/cli/commands.go:67.17,69.4 1 0
github.com/CyanAutomation/gogomio/internal/cli/commands.go:71.3,71.21 1 0
github.com/CyanAutomation/gogomio/internal/cli/commands.go:71.21,73.29 1 0
github.com/CyanAutomation/gogomio/internal/cli/commands.go:73.29,75.5 1 0
github.com/CyanAutomation/gogomio/internal/cli/commands.go:76.4,76.14 1 0
github.com/CyanAutomation/gogomio/internal/cli/commands.go:79.3,81.14 3 0
github.com/CyanAutomation/gogomio/internal/cli/commands.go:81.14,83.4 1 0
github.com/CyanAutomation/gogomio/internal/cli/commands.go:85.3,86.13 2 0
github.com/CyanAutomation/gogomio/internal/cli/commands.go:101.54,104.17 3 0
github.com/CyanAutomation/gogomio/internal/cli/commands.go:104.17,106.4 1 0
github.com/CyanAutomation/gogomio/internal/cli/commands.go:107.3,108.13 2 0
github.com/CyanAutomation/gogomio/internal/cli/commands.go:117.54,120.17 3 0
github.com/CyanAutomation/gogomio/internal/cli/commands.go:120.17,122.4 1 0
github.com/CyanAutomation/gogomio/internal/cli/commands.go:123.3,123.60 1 0
github.com/CyanAutomation/gogomio/internal/cli/commands.go:123.60,125.4 1 0
github.com/CyanAutomation/gogomio/internal/cli/commands.go:126.3,127.13 2 0
github.com/CyanAutomation/gogomio/internal/cli/commands.go:142.54,145.17 3 0
github.com/CyanAutomation/gogomio/internal/cli/commands.go:145.17,147.4 1 0
github.com/CyanAutomation/gogomio/internal/cli/commands.go:148.3,149.13 2 0
github.com/CyanAutomation/gogomio/internal/cli/commands.go:157.54,160.17 3 0
github.com/CyanAutomation/gogomio/internal/cli/commands.go:160.17,162.4 1 0
github.com/CyanAutomation/gogomio/internal/cli/commands.go:163.3,164.13 2 0
github.com/CyanAutomation/gogomio/internal/cli/commands.go:179.54,182.17 3 0
github.com/CyanAutomation/gogomio/internal/cli/commands.go:182.17,184.4 1 0
github.com/CyanAutomation/gogomio/internal/cli/commands.go:185.3,186.13 2 0
github.com/CyanAutomation/gogomio/internal/cli/commands.go:194.54,196.45 2 0
github.com/CyanAutomation/gogomio/internal/cli/commands.go:196.45,198.4 1 0
github.com/CyanAutomation/gogomio/internal/cli/commands.go:199.3,200.13 2 0
github.com/CyanAutomation/gogomio/internal/cli/commands.go:209.54,212.17 3 0
github.com/CyanAutomation/gogomio/internal/cli/commands.go:212.17,214.4 1 0
github.com/CyanAutomation/gogomio/internal/cli/commands.go:215.3,216.13 2 0
github.com/CyanAutomation/gogomio/internal/cli/commands.go:231.54,234.21 2 2
github.com/CyanAutomation/gogomio/internal/cli/commands.go:234.21,236.18 2 1
github.com/CyanAutomation/gogomio/internal/cli/commands.go:236.18,238.5 1 0
github.com/CyanAutomation/gogomio/internal/cli/commands.go:239.4,240.11 2 1
github.com/CyanAutomation/gogomio/internal/cli/commands.go:240.11,242.5 1 0
github.com/CyanAutomation/gogomio/internal/cli/commands.go:243.4,243.34 1 1
github.com/CyanAutomation/gogomio/internal/cli/commands.go:243.34,245.5 1 2
github.com/CyanAutomation/gogomio/internal/cli/commands.go:246.4,246.14 1 1
github.com/CyanAutomation/gogomio/internal/cli/commands.go:249.3,250.17 2 1
github.com/CyanAutomation/gogomio/internal/cli/commands.go:250.17,252.4 1 0
github.com/CyanAutomation/gogomio/internal/cli/commands.go:253.3,254.13 2 1
github.com/CyanAutomation/gogomio/internal/cli/commands.go:263.54,267.25 3 0
github.com/CyanAutomation/gogomio/internal/cli/commands.go:267.25,268.16 1 0
github.com/CyanAutomation/gogomio/internal/cli/commands.go:268.16,271.10 3 0
github.com/CyanAutomation/gogomio/internal/cli/commands.go:274.3,274.16 1 0
github.com/CyanAutomation/gogomio/internal/cli/commands.go:274.16,276.4 1 0
github.com/CyanAutomation/gogomio/internal/cli/commands.go:278.3,279.55 2 0
github.com/CyanAutomation/gogomio/internal/cli/commands.go:279.55,281.4 1 0
github.com/CyanAutomation/gogomio/internal/cli/commands.go:282.3,283.13 2 0
github.com/CyanAutomation/gogomio/internal/cli/commands.go:291.54,294.17 3 0
github.com/CyanAutomation/gogomio/internal/cli/commands.go:294.17,296.4 1 0
github.com/CyanAutomation/gogomio/internal/cli/commands.go:297.3,299.13 3 0
github.com/CyanAutomation/gogomio/internal/cli/commands.go:303.13,332.2 17 1
github.com/CyanAutomation/gogomio/internal/cli/output.go:9.42,11.16 2 1
github.com/CyanAutomation/gogomio/internal/cli/output.go:11.16,13.3 1 0
github.com/CyanAutomation/gogomio/internal/cli/output.go:14.2,14.18 1 1
github.com/CyanAutomation/gogomio/internal/cli/output.go:18.50,34.2 2 1
github.com/CyanAutomation/gogomio/internal/cli/output.go:37.50,43.2 1 1
github.com/CyanAutomation/gogomio/internal/cli/output.go:46.66,59.2 1 1
github.com/CyanAutomation/gogomio/internal/cli/output.go:62.49,64.27 2 1
github.com/CyanAutomation/gogomio/internal/cli/output.go:64.27,65.18 1 4
github.com/CyanAutomation/gogomio/internal/cli/output.go:65.18,67.4 1 3
github.com/CyanAutomation/gogomio/internal/cli/output.go:69.2,69.15 1 1
github.com/CyanAutomation/gogomio/internal/cli/output.go:73.53,89.2 1 1
github.com/CyanAutomation/gogomio/internal/cli/output.go:92.58,109.2 1 1
github.com/CyanAutomation/gogomio/internal/cli/output.go:112.60,113.23 1 1
github.com/CyanAutomation/gogomio/internal/cli/output.go:113.23,115.3 1 0
github.com/CyanAutomation/gogomio/internal/cli/output.go:118.2,119.28 2 1
github.com/CyanAutomation/gogomio/internal/cli/output.go:119.28,121.3 1 2
github.com/CyanAutomation/gogomio/internal/cli/output.go:122.2,122.27 1 1
github.com/CyanAutomation/gogomio/internal/cli/output.go:122.27,123.28 1 2
github.com/CyanAutomation/gogomio/internal/cli/output.go:123.28,124.54 1 4
github.com/CyanAutomation/gogomio/internal/cli/output.go:124.54,126.5 1 2
github.com/CyanAutomation/gogomio/internal/cli/output.go:131.2,134.28 2 1
github.com/CyanAutomation/gogomio/internal/cli/output.go:134.28,135.12 1 2
github.com/CyanAutomation/gogomio/internal/cli/output.go:135.12,137.4 1 1
github.com/CyanAutomation/gogomio/internal/cli/output.go:138.3,138.49 1 2
github.com/CyanAutomation/gogomio/internal/cli/output.go:140.2,143.25 2 1
github.com/CyanAutomation/gogomio/internal/cli/output.go:143.25,144.12 1 2
github.com/CyanAutomation/gogomio/internal/cli/output.go:144.12,146.4 1 1
github.com/CyanAutomation/gogomio/internal/cli/output.go:147.3,147.37 1 2
github.com/CyanAutomation/gogomio/internal/cli/output.go:147.37,149.4 1 17
github.com/CyanAutomation/gogomio/internal/cli/output.go:151.2,154.27 2 1
github.com/CyanAutomation/gogomio/internal/cli/output.go:154.27,155.28 1 2
github.com/CyanAutomation/gogomio/internal/cli/output.go:155.28,156.13 1 4
github.com/CyanAutomation/gogomio/internal/cli/output.go:156.13,158.5 1 2
github.com/CyanAutomation/gogomio/internal/cli/output.go:159.4,159.26 1 4
github.com/CyanAutomation/gogomio/internal/cli/output.go:159.26,161.5 1 4
github.com/CyanAutomation/gogomio/internal/cli/output.go:161.10,163.5 1 0
github.com/CyanAutomation/gogomio/internal/cli/output.go:165.3,165.17 1 2
github.com/CyanAutomation/gogomio/internal/cli/output.go:168.2,168.15 1 1
github.com/CyanAutomation/gogomio/internal/config/config.go:25.28,38.51 2 2
github.com/CyanAutomation/gogomio/internal/config/config.go:38.51,39.54 1 1
github.com/CyanAutomation/gogomio/internal/config/config.go:39.54,41.4 1 1
github.com/CyanAutomation/gogomio/internal/config/config.go:45.2,45.44 1 2
github.com/CyanAutomation/gogomio/internal/config/config.go:45.44,46.55 1 1
github.com/CyanAutomation/gogomio/internal/config/config.go:46.55,48.4 1 1
github.com/CyanAutomation/gogomio/internal/config/config.go:51.2,51.63 1 2
github.com/CyanAutomation/gogomio/internal/config/config.go:51.63,52.61 1 0
github.com/CyanAutomation/gogomio/internal/config/config.go:52.61,54.4 1 0
github.com/CyanAutomation/gogomio/internal/config/config.go:55.8,57.3 1 2
github.com/CyanAutomation/gogomio/internal/config/config.go:60.2,60.61 1 2
github.com/CyanAutomation/gogomio/internal/config/config.go:60.61,61.72 1 0
github.com/CyanAutomation/gogomio/internal/config/config.go:61.72,63.4 1 0
github.com/CyanAutomation/gogomio/internal/config/config.go:67.2,67.71 1 2
github.com/CyanAutomation/gogomio/internal/config/config.go:67.71,68.59 1 0
github.com/CyanAutomation/gogomio/internal/config/config.go:68.59,70.4 1 0
github.com/CyanAutomation/gogomio/internal/config/config.go:74.2,74.47 1 2
github.com/CyanAutomation/gogomio/internal/config/config.go:74.47,75.70 1 1
github.com/CyanAutomation/gogomio/internal/config/config.go:75.70,77.4 1 1
github.com/CyanAutomation/gogomio/internal/config/config.go:81.2,81.52 1 2
github.com/CyanAutomation/gogomio/internal/config/config.go:81.52,83.3 1 0
github.com/CyanAutomation/gogomio/internal/config/config.go:86.2,86.50 1 2
github.com/CyanAutomation/gogomio/internal/config/config.go:86.50,88.3 1 0
github.com/CyanAutomation/gogomio/internal/config/config.go:90.2,90.12 1 2
github.com/CyanAutomation/gogomio/internal/config/config.go:94.48,96.21 2 9
github.com/CyanAutomation/gogomio/internal/config/config.go:96.21,98.3 1 3
github.com/CyanAutomation/gogomio/internal/config/config.go:100.2,101.30 2 6
github.com/CyanAutomation/gogomio/internal/config/config.go:101.30,103.3 1 1
github.com/CyanAutomation/gogomio/internal/config/config.go:105.2,106.31 2 5
github.com/CyanAutomation/gogomio/internal/config/config.go:106.31,108.3 1 1
github.com/CyanAutomation/gogomio/internal/config/config.go:110.2,110.35 1 4
github.com/CyanAutomation/gogomio/internal/config/config.go:114.34,117.2 2 2
github.com/CyanAutomation/gogomio/internal/config/config.go:121.47,122.22 1 1
github.com/CyanAutomation/gogomio/internal/config/config.go:122.22,124.3 1 0
github.com/CyanAutomation/gogomio/internal/config/config.go:126.2,129.59 3 1
github.com/CyanAutomation/gogomio/internal/config/config.go:133.41,135.2 1 0
github.com/CyanAutomation/gogomio/internal/settings/filelock_unix.go:10.45,12.2 1 410
github.com/CyanAutomation/gogomio/internal/settings/filelock_unix.go:14.47,16.2 1 410
github.com/CyanAutomation/gogomio/internal/settings/settings.go:22.43,23.20 1 30
github.com/CyanAutomation/gogomio/internal/settings/settings.go:23.20,26.3 1 8
github.com/CyanAutomation/gogomio/internal/settings/settings.go:28.2,36.10 3 30
github.com/CyanAutomation/gogomio/internal/settings/settings.go:40.60,42.2 1 392
github.com/CyanAutomation/gogomio/internal/settings/settings.go:46.64,50.19 3 395
github.com/CyanAutomation/gogomio/internal/settings/settings.go:50.19,52.3 1 0
github.com/CyanAutomation/gogomio/internal/settings/settings.go:54.2,55.33 2 395
github.com/CyanAutomation/gogomio/internal/settings/settings.go:55.33,57.3 1 1551
github.com/CyanAutomation/gogomio/internal/settings/settings.go:58.2,58.33 1 395
github.com/CyanAutomation/gogomio/internal/settings/settings.go:58.33,60.3 1 398
github.com/CyanAutomation/gogomio/internal/settings/settings.go:62.2,62.47 1 395
github.com/CyanAutomation/gogomio/internal/settings/settings.go:62.47,64.3 1 2
github.com/CyanAutomation/gogomio/internal/settings/settings.go:66.2,67.12 2 393
github.com/CyanAutomation/gogomio/internal/settings/settings.go:71.47,76.2 3 8
github.com/CyanAutomation/gogomio/internal/settings/settings.go:79.69,84.9 4 3
github.com/CyanAutomation/gogomio/internal/settings/settings.go:84.9,86.3 1 1
github.com/CyanAutomation/gogomio/internal/settings/settings.go:88.2,89.9 2 2
github.com/CyanAutomation/gogomio/internal/settings/settings.go:89.9,91.3 1 1
github.com/CyanAutomation/gogomio/internal/settings/settings.go:93.2,93.12 1 1
github.com/CyanAutomation/gogomio/internal/settings/settings.go:97.60,102.9 4 4
github.com/CyanAutomation/gogomio/internal/settings/settings.go:102.9,104.3 1 1
github.com/CyanAutomation/gogomio/internal/settings/settings.go:107.2,107.25 1 3
github.com/CyanAutomation/gogomio/internal/settings/settings.go:108.15,109.16 1 2
github.com/CyanAutomation/gogomio/internal/settings/settings.go:110.11,111.11 1 1
github.com/CyanAutomation/gogomio/internal/settings/settings.go:112.10,113.22 1 0
github.com/CyanAutomation/gogomio/internal/settings/settings.go:118.51,124.27 4 109
github.com/CyanAutomation/gogomio/internal/settings/settings.go:124.27,126.3 1 294
github.com/CyanAutomation/gogomio/internal/settings/settings.go:127.2,127.13 1 109
github.com/CyanAutomation/gogomio/internal/settings/settings.go:131.44,136.41 4 2
github.com/CyanAutomation/gogomio/internal/settings/settings.go:136.41,138.3 1 3
github.com/CyanAutomation/gogomio/internal/settings/settings.go:139.2,141.47 2 2
github.com/CyanAutomation/gogomio/internal/settings/settings.go:141.47,143.3 1 1
github.com/CyanAutomation/gogomio/internal/settings/settings.go:145.2,146.12 2 1
github.com/CyanAutomation/gogomio/internal/settings/settings.go:150.33,155.47 4 10
github.com/CyanAutomation/gogomio/internal/settings/settings.go:155.47,157.3 1 1
github.com/CyanAutomation/gogomio/internal/settings/settings.go:159.2,160.12 2 9
github.com/CyanAutomation/gogomio/internal/settings/settings.go:164.35,166.2 1 3
github.com/CyanAutomation/gogomio/internal/settings/settings.go:174.70,177.29 2 410
github.com/CyanAutomation/gogomio/internal/settings/settings.go:177.29,178.48 1 410
github.com/CyanAutomation/gogomio/internal/settings/settings.go:178.48,181.4 2 0
github.com/CyanAutomation/gogomio/internal/settings/settings.go:185.2,186.16 2 410
github.com/CyanAutomation/gogomio/internal/settings/settings.go:186.16,189.3 2 0
github.com/CyanAutomation/gogomio/internal/settings/settings.go:192.2,194.16 3 410
github.com/CyanAutomation/gogomio/internal/settings/settings.go:194.16,197.3 2 0
github.com/CyanAutomation/gogomio/internal/settings/settings.go:199.2,199.52 1 410
github.com/CyanAutomation/gogomio/internal/settings/settings.go:199.52,203.3 3 0
github.com/CyanAutomation/gogomio/internal/settings/settings.go:204.2,204.15 1 410
github.com/CyanAutomation/gogomio/internal/settings/settings.go:204.15,205.55 1 410
github.com/CyanAutomation/gogomio/internal/settings/settings.go:205.55,207.4 1 0
github.com/CyanAutomation/gogomio/internal/settings/settings.go:208.3,208.42 1 410
github.com/CyanAutomation/gogomio/internal/settings/settings.go:208.42,210.4 1 0
github.com/CyanAutomation/gogomio/internal/settings/settings.go:212.3,212.68 1 410
github.com/CyanAutomation/gogomio/internal/settings/settings.go:212.68,214.4 1 0
github.com/CyanAutomation/gogomio/internal/settings/settings.go:218.2,218.77 1 410
github.com/CyanAutomation/gogomio/internal/settings/settings.go:218.77,220.60 2 401
github.com/CyanAutomation/gogomio/internal/settings/settings.go:220.60,223.4 1 4
github.com/CyanAutomation/gogomio/internal/settings/settings.go:227.2,228.16 2 410
github.com/CyanAutomation/gogomio/internal/settings/settings.go:228.16,231.3 2 0
github.com/CyanAutomation/gogomio/internal/settings/settings.go:232.2,234.15 3 410
github.com/CyanAutomation/gogomio/internal/settings/settings.go:234.15,235.18 1 410
github.com/CyanAutomation/gogomio/internal/settings/settings.go:235.18,237.4 1 4
github.com/CyanAutomation/gogomio/internal/settings/settings.go:240.2,240.43 1 410
github.com/CyanAutomation/gogomio/internal/settings/settings.go:240.43,244.3 3 0
github.com/CyanAutomation/gogomio/internal/settings/settings.go:246.2,246.35 1 410
github.com/CyanAutomation/gogomio/internal/settings/settings.go:246.35,250.3 3 0
github.com/CyanAutomation/gogomio/internal/settings/settings.go:252.2,252.36 1 410
github.com/CyanAutomation/gogomio/internal/settings/settings.go:252.36,255.3 2 0
github.com/CyanAutomation/gogomio/internal/settings/settings.go:257.2,257.56 1 410
github.com/CyanAutomation/gogomio/internal/settings/settings.go:257.56,260.3 2 4
github.com/CyanAutomation/gogomio/internal/settings/settings.go:262.2,265.12 3 406
github.com/CyanAutomation/gogomio/internal/settings/settings.go:269.32,271.16 2 34
github.com/CyanAutomation/gogomio/internal/settings/settings.go:271.16,272.25 1 18
github.com/CyanAutomation/gogomio/internal/settings/settings.go:272.25,276.4 2 18
github.com/CyanAutomation/gogomio/internal/settings/settings.go:277.3,278.61 2 0
github.com/CyanAutomation/gogomio/internal/settings/settings.go:281.2,282.54 2 16
github.com/CyanAutomation/gogomio/internal/settings/settings.go:282.54,288.23 4 4
github.com/CyanAutomation/gogomio/internal/settings/settings.go:288.23,289.74 1 2
github.com/CyanAutomation/gogomio/internal/settings/settings.go:289.74,293.84 3 2
github.com/CyanAutomation/gogomio/internal/settings/settings.go:293.84,295.6 1 0
github.com/CyanAutomation/gogomio/internal/settings/settings.go:295.11,297.6 1 2
github.com/CyanAutomation/gogomio/internal/settings/settings.go:298.5,298.15 1 2
github.com/CyanAutomation/gogomio/internal/settings/settings.go:303.3,308.60 4 2
github.com/CyanAutomation/gogomio/internal/settings/settings.go:308.60,310.4 1 0
github.com/CyanAutomation/gogomio/internal/settings/settings.go:310.9,312.4 1 2
github.com/CyanAutomation/gogomio/internal/settings/settings.go:313.8,315.3 1 12
github.com/CyanAutomation/gogomio/internal/settings/settings.go:317.2,317.19 1 14
github.com/CyanAutomation/gogomio/internal/settings/settings.go:317.19,319.3 1 1
github.com/CyanAutomation/gogomio/internal/settings/settings.go:321.2,322.12 2 14
github.com/CyanAutomation/gogomio/internal/settings/settings.go:326.51,328.16 2 401
github.com/CyanAutomation/gogomio/internal/settings/settings.go:328.16,330.3 1 4
github.com/CyanAutomation/gogomio/internal/settings/settings.go:331.2,331.41 1 397
github.com/CyanAutomation/gogomio/internal/camera/connection_tracker.go:15.48,19.2 1 14
github.com/CyanAutomation/gogomio/internal/camera/connection_tracker.go:22.42,26.2 3 2119358
github.com/CyanAutomation/gogomio/internal/camera/connection_tracker.go:30.42,32.18 2 2161747
github.com/CyanAutomation/gogomio/internal/camera/connection_tracker.go:32.18,34.3 1 2121744
github.com/CyanAutomation/gogomio/internal/camera/connection_tracker.go:35.2,35.21 1 2161747
github.com/CyanAutomation/gogomio/internal/camera/connection_tracker.go:40.68,42.39 2 29389
github.com/CyanAutomation/gogomio/internal/camera/connection_tracker.go:42.39,45.3 2 16940
github.com/CyanAutomation/gogomio/internal/camera/connection_tracker.go:48.2,50.13 3 12449
github.com/CyanAutomation/gogomio/internal/camera/connection_tracker.go:54.42,58.2 3 20467
github.com/CyanAutomation/gogomio/internal/camera/frame_buffer.go:31.69,32.18 1 19
github.com/CyanAutomation/gogomio/internal/camera/frame_buffer.go:32.18,34.3 1 1
github.com/CyanAutomation/gogomio/internal/camera/frame_buffer.go:36.2,40.19 2 19
github.com/CyanAutomation/gogomio/internal/camera/frame_buffer.go:40.19,42.3 1 2
github.com/CyanAutomation/gogomio/internal/camera/frame_buffer.go:43.2,43.11 1 19
github.com/CyanAutomation/gogomio/internal/camera/frame_buffer.go:51.55,56.2 4 301293
github.com/CyanAutomation/gogomio/internal/camera/frame_buffer.go:61.64,69.63 5 301294
github.com/CyanAutomation/gogomio/internal/camera/frame_buffer.go:69.63,71.41 2 301208
github.com/CyanAutomation/gogomio/internal/camera/frame_buffer.go:71.41,77.4 3 301178
github.com/CyanAutomation/gogomio/internal/camera/frame_buffer.go:80.2,85.21 3 116
github.com/CyanAutomation/gogomio/internal/camera/frame_buffer.go:85.21,87.3 1 116
github.com/CyanAutomation/gogomio/internal/camera/frame_buffer.go:90.2,93.18 3 116
github.com/CyanAutomation/gogomio/internal/camera/frame_buffer.go:97.42,101.29 3 3
github.com/CyanAutomation/gogomio/internal/camera/frame_buffer.go:101.29,103.3 1 0
github.com/CyanAutomation/gogomio/internal/camera/frame_buffer.go:105.2,107.18 3 3
github.com/CyanAutomation/gogomio/internal/camera/frame_buffer.go:111.49,115.2 3 5
github.com/CyanAutomation/gogomio/internal/camera/frame_buffer.go:121.94,123.2 1 3592
github.com/CyanAutomation/gogomio/internal/camera/frame_buffer.go:129.126,130.18 1 3593
github.com/CyanAutomation/gogomio/internal/camera/frame_buffer.go:130.18,133.63 3 5
github.com/CyanAutomation/gogomio/internal/camera/frame_buffer.go:133.63,135.4 1 5
github.com/CyanAutomation/gogomio/internal/camera/frame_buffer.go:136.3,136.26 1 0
github.com/CyanAutomation/gogomio/internal/camera/frame_buffer.go:139.2,139.34 1 3588
github.com/CyanAutomation/gogomio/internal/camera/frame_buffer.go:139.34,141.3 1 1
github.com/CyanAutomation/gogomio/internal/camera/frame_buffer.go:143.2,144.15 2 3587
github.com/CyanAutomation/gogomio/internal/camera/frame_buffer.go:144.15,145.20 1 3587
github.com/CyanAutomation/gogomio/internal/camera/frame_buffer.go:145.20,146.11 1 1507
github.com/CyanAutomation/gogomio/internal/camera/frame_buffer.go:147.19,147.19 0 0
github.com/CyanAutomation/gogomio/internal/camera/frame_buffer.go:148.12,148.12 0 1507
github.com/CyanAutomation/gogomio/internal/camera/frame_buffer.go:153.2,153.6 1 3587
github.com/CyanAutomation/gogomio/internal/camera/frame_buffer.go:153.6,155.63 2 124349
github.com/CyanAutomation/gogomio/internal/camera/frame_buffer.go:155.63,160.4 4 2080
github.com/CyanAutomation/gogomio/internal/camera/frame_buffer.go:161.3,164.10 3 122269
github.com/CyanAutomation/gogomio/internal/camera/frame_buffer.go:165.19,165.19 0 120762
github.com/CyanAutomation/gogomio/internal/camera/frame_buffer.go:167.21,168.27 1 0
github.com/CyanAutomation/gogomio/internal/camera/frame_buffer.go:169.18,170.27 1 1507
github.com/CyanAutomation/gogomio/internal/camera/mock_camera.go:27.34,29.2 1 13
github.com/CyanAutomation/gogomio/internal/camera/mock_camera.go:33.90,34.16 1 15
github.com/CyanAutomation/gogomio/internal/camera/mock_camera.go:34.16,36.3 1 0
github.com/CyanAutomation/gogomio/internal/camera/mock_camera.go:37.2,37.18 1 15
github.com/CyanAutomation/gogomio/internal/camera/mock_camera.go:37.18,39.3 1 0
github.com/CyanAutomation/gogomio/internal/camera/mock_camera.go:41.2,44.3 1 15
github.com/CyanAutomation/gogomio/internal/camera/mock_camera.go:48.72,49.31 1 15
github.com/CyanAutomation/gogomio/internal/camera/mock_camera.go:49.31,51.3 1 0
github.com/CyanAutomation/gogomio/internal/camera/mock_camera.go:52.2,52.14 1 15
github.com/CyanAutomation/gogomio/internal/camera/mock_camera.go:52.14,54.3 1 0
github.com/CyanAutomation/gogomio/internal/camera/mock_camera.go:55.2,55.42 1 15
github.com/CyanAutomation/gogomio/internal/camera/mock_camera.go:55.42,57.3 1 0
github.com/CyanAutomation/gogomio/internal/camera/mock_camera.go:59.2,70.12 10 15
github.com/CyanAutomation/gogomio/internal/camera/mock_camera.go:74.54,76.15 2 110
github.com/CyanAutomation/gogomio/internal/camera/mock_camera.go:76.15,79.3 2 0
github.com/CyanAutomation/gogomio/internal/camera/mock_camera.go:81.2,94.64 12 110
github.com/CyanAutomation/gogomio/internal/camera/mock_camera.go:94.64,96.3 1 53
github.com/CyanAutomation/gogomio/internal/camera/mock_camera.go:97.2,101.23 3 110
github.com/CyanAutomation/gogomio/internal/camera/mock_camera.go:101.23,103.3 1 53
github.com/CyanAutomation/gogomio/internal/camera/mock_camera.go:106.2,107.19 2 110
github.com/CyanAutomation/gogomio/internal/camera/mock_camera.go:111.36,119.2 5 12
github.com/CyanAutomation/gogomio/internal/camera/mock_camera.go:122.38,127.2 3 5
github.com/CyanAutomation/gogomio/internal/camera/mock_camera.go:130.47,135.2 3 1
github.com/CyanAutomation/gogomio/internal/camera/mock_camera.go:138.52,143.2 3 1
github.com/CyanAutomation/gogomio/internal/camera/mock_camera.go:147.92,160.30 5 110
github.com/CyanAutomation/gogomio/internal/camera/mock_camera.go:160.30,162.30 2 39816
github.com/CyanAutomation/gogomio/internal/camera/mock_camera.go:162.30,177.4 9 26440704
github.com/CyanAutomation/gogomio/internal/camera/mock_camera.go:181.2,186.16 4 110
github.com/CyanAutomation/gogomio/internal/camera/mock_camera.go:186.16,189.75 2 0
github.com/CyanAutomation/gogomio/internal/camera/mock_camera.go:189.75,192.4 1 0
github.com/CyanAutomation/gogomio/internal/camera/mock_camera.go:195.2,195.20 1 110
github.com/CyanAutomation/gogomio/internal/camera/mock_camera.go:200.63,209.28 6 110
github.com/CyanAutomation/gogomio/internal/camera/mock_camera.go:209.28,211.38 1 53888
github.com/CyanAutomation/gogomio/internal/camera/mock_camera.go:211.38,217.4 5 107776
github.com/CyanAutomation/gogomio/internal/camera/mock_camera.go:219.3,219.43 1 53888
github.com/CyanAutomation/gogomio/internal/camera/mock_camera.go:219.43,225.4 5 107776
github.com/CyanAutomation/gogomio/internal/camera/mock_camera.go:229.2,229.28 1 110
github.com/CyanAutomation/gogomio/internal/camera/mock_camera.go:229.28,231.38 1 39816
github.com/CyanAutomation/gogomio/internal/camera/mock_camera.go:231.38,237.4 5 79632
github.com/CyanAutomation/gogomio/internal/camera/mock_camera.go:239.3,239.43 1 39816
github.com/CyanAutomation/gogomio/internal/camera/mock_camera.go:239.43,245.4 5 79632
github.com/CyanAutomation/gogomio/internal/camera/real_camera.go:83.46,84.14 1 6
github.com/CyanAutomation/gogomio/internal/camera/real_camera.go:84.14,86.3 1 0
github.com/CyanAutomation/gogomio/internal/camera/real_camera.go:87.2,88.20 2 6
github.com/CyanAutomation/gogomio/internal/camera/real_camera.go:88.20,90.3 1 4
github.com/CyanAutomation/gogomio/internal/camera/real_camera.go:91.2,91.21 1 6
github.com/CyanAutomation/gogomio/internal/camera/real_camera.go:91.21,93.3 1 6
github.com/CyanAutomation/gogomio/internal/camera/real_camera.go:94.2,94.79 1 0
github.com/CyanAutomation/gogomio/internal/camera/real_camera.go:97.46,98.14 1 0
github.com/CyanAutomation/gogomio/internal/camera/real_camera.go:98.14,100.3 1 0
github.com/CyanAutomation/gogomio/internal/camera/real_camera.go:101.2,101.16 1 0
github.com/CyanAutomation/gogomio/internal/camera/real_camera.go:105.34,118.52 5 29
github.com/CyanAutomation/gogomio/internal/camera/real_camera.go:118.52,120.3 1 0
github.com/CyanAutomation/gogomio/internal/camera/real_camera.go:121.2,121.40 1 29
github.com/CyanAutomation/gogomio/internal/camera/real_camera.go:121.40,123.3 1 5
github.com/CyanAutomation/gogomio/internal/camera/real_camera.go:124.2,124.11 1 29
github.com/CyanAutomation/gogomio/internal/camera/real_camera.go:128.72,130.23 2 9
github.com/CyanAutomation/gogomio/internal/camera/real_camera.go:130.23,133.3 2 0
github.com/CyanAutomation/gogomio/internal/camera/real_camera.go:135.2,138.42 4 9
github.com/CyanAutomation/gogomio/internal/camera/real_camera.go:138.42,140.3 1 0
github.com/CyanAutomation/gogomio/internal/camera/real_camera.go:141.2,146.52 4 9
github.com/CyanAutomation/gogomio/internal/camera/real_camera.go:146.52,157.3 6 1
github.com/CyanAutomation/gogomio/internal/camera/real_camera.go:158.2,170.16 11 8
github.com/CyanAutomation/gogomio/internal/camera/real_camera.go:170.16,177.3 2 2
github.com/CyanAutomation/gogomio/internal/camera/real_camera.go:179.2,192.44 12 6
github.com/CyanAutomation/gogomio/internal/camera/real_camera.go:192.44,194.3 1 6
github.com/CyanAutomation/gogomio/internal/camera/real_camera.go:196.2,200.47 4 6
github.com/CyanAutomation/gogomio/internal/camera/real_camera.go:200.47,203.3 2 3
github.com/CyanAutomation/gogomio/internal/camera/real_camera.go:205.2,207.12 2 3
github.com/CyanAutomation/gogomio/internal/camera/real_camera.go:210.49,214.6 3 6
github.com/CyanAutomation/gogomio/internal/camera/real_camera.go:214.6,216.27 1 109
github.com/CyanAutomation/gogomio/internal/camera/real_camera.go:216.27,221.4 1 0
github.com/CyanAutomation/gogomio/internal/camera/real_camera.go:223.3,228.21 5 109
github.com/CyanAutomation/gogomio/internal/camera/real_camera.go:228.21,229.71 1 3
github.com/CyanAutomation/gogomio/internal/camera/real_camera.go:229.71,231.5 1 3
github.com/CyanAutomation/gogomio/internal/camera/real_camera.go:234.3,234.23 1 106
github.com/CyanAutomation/gogomio/internal/camera/real_camera.go:234.23,236.36 2 1
github.com/CyanAutomation/gogomio/internal/camera/real_camera.go:236.36,238.5 1 1
github.com/CyanAutomation/gogomio/internal/camera/real_camera.go:239.4,243.5 1 1
github.com/CyanAutomation/gogomio/internal/camera/real_camera.go:246.3,246.33 1 105
github.com/CyanAutomation/gogomio/internal/camera/real_camera.go:246.33,251.4 1 2
github.com/CyanAutomation/gogomio/internal/camera/real_camera.go:253.3,253.36 1 103
github.com/CyanAutomation/gogomio/internal/camera/real_camera.go:257.57,259.14 2 9
github.com/CyanAutomation/gogomio/internal/camera/real_camera.go:259.14,261.3 1 0
github.com/CyanAutomation/gogomio/internal/camera/real_camera.go:262.2,266.83 2 9
github.com/CyanAutomation/gogomio/internal/camera/real_camera.go:266.83,268.27 2 1
github.com/CyanAutomation/gogomio/internal/camera/real_camera.go:268.27,270.4 1 1
github.com/CyanAutomation/gogomio/internal/camera/real_camera.go:271.8,273.37 1 8
github.com/CyanAutomation/gogomio/internal/camera/real_camera.go:273.37,275.4 1 7
github.com/CyanAutomation/gogomio/internal/camera/real_camera.go:278.2,278.16 1 9
github.com/CyanAutomation/gogomio/internal/camera/real_camera.go:281.56,285.2 3 2
github.com/CyanAutomation/gogomio/internal/camera/real_camera.go:287.52,290.31 3 6
github.com/CyanAutomation/gogomio/internal/camera/real_camera.go:290.31,292.3 1 0
github.com/CyanAutomation/gogomio/internal/camera/real_camera.go:293.2,293.28 1 6
github.com/CyanAutomation/gogomio/internal/camera/real_camera.go:300.54,301.24 1 1
github.com/CyanAutomation/gogomio/internal/camera/real_camera.go:301.24,303.3 1 0
github.com/CyanAutomation/gogomio/internal/camera/real_camera.go:304.2,304.26 1 1
github.com/CyanAutomation/gogomio/internal/camera/real_camera.go:304.26,306.3 1 0
github.com/CyanAutomation/gogomio/internal/camera/real_camera.go:308.2,309.6 2 1
github.com/CyanAutomation/gogomio/internal/camera/real_camera.go:309.6,311.67 2 1
github.com/CyanAutomation/gogomio/internal/camera/real_camera.go:311.67,318.4 4 1
github.com/CyanAutomation/gogomio/internal/camera/real_camera.go:319.3,323.23 4 0
github.com/CyanAutomation/gogomio/internal/camera/real_camera.go:323.23,325.4 1 0
github.com/CyanAutomation/gogomio/internal/camera/real_camera.go:326.3,326.49 1 0
github.com/CyanAutomation/gogomio/internal/camera/real_camera.go:326.49,328.4 1 0
github.com/CyanAutomation/gogomio/internal/camera/real_camera.go:329.3,329.22 1 0
github.com/CyanAutomation/gogomio/internal/camera/real_camera.go:329.22,331.4 1 0
github.com/CyanAutomation/gogomio/internal/camera/real_camera.go:332.3,333.21 2 0
github.com/CyanAutomation/gogomio/internal/camera/real_camera.go:333.21,335.4 1 0
github.com/CyanAutomation/gogomio/internal/camera/real_camera.go:337.3,338.10 2 0
github.com/CyanAutomation/gogomio/internal/camera/real_camera.go:339.19,340.16 1 0
github.com/CyanAutomation/gogomio/internal/camera/real_camera.go:341.18,342.57 1 0
github.com/CyanAutomation/gogomio/internal/camera/real_camera.go:348.36,354.29 5 6
github.com/CyanAutomation/gogomio/internal/camera/real_camera.go:354.29,357.3 2 2
github.com/CyanAutomation/gogomio/internal/camera/real_camera.go:358.2,374.18 14 6
github.com/CyanAutomation/gogomio/internal/camera/real_camera.go:374.18,376.3 1 6
github.com/CyanAutomation/gogomio/internal/camera/real_camera.go:378.2,378.17 1 6
github.com/CyanAutomation/gogomio/internal/camera/real_camera.go:378.17,379.26 1 6
github.com/CyanAutomation/gogomio/internal/camera/real_camera.go:379.26,382.4 2 6
github.com/CyanAutomation/gogomio/internal/camera/real_camera.go:383.3,383.26 1 6
github.com/CyanAutomation/gogomio/internal/camera/real_camera.go:383.26,384.11 1 6
github.com/CyanAutomation/gogomio/internal/camera/real_camera.go:385.24,386.45 1 5
github.com/CyanAutomation/gogomio/internal/camera/real_camera.go:387.42,388.69 1 1
github.com/CyanAutomation/gogomio/internal/camera/real_camera.go:394.2,394.23 1 6
github.com/CyanAutomation/gogomio/internal/camera/real_camera.go:394.23,395.10 1 6
github.com/CyanAutomation/gogomio/internal/camera/real_camera.go:396.21,398.51 1 6
github.com/CyanAutomation/gogomio/internal/camera/real_camera.go:399.41,401.70 1 0
github.com/CyanAutomation/gogomio/internal/camera/real_camera.go:404.2,404.23 1 6
github.com/CyanAutomation/gogomio/internal/camera/real_camera.go:404.23,405.10 1 6
github.com/CyanAutomation/gogomio/internal/camera/real_camera.go:406.21,408.53 1 6
github.com/CyanAutomation/gogomio/internal/camera/real_camera.go:409.41,411.78 1 0
github.com/CyanAutomation/gogomio/internal/camera/real_camera.go:415.2,415.12 1 6
github.com/CyanAutomation/gogomio/internal/camera/real_camera.go:419.38,421.2 1 6
github.com/CyanAutomation/gogomio/internal/camera/real_camera.go:423.115,424.53 1 2
github.com/CyanAutomation/gogomio/internal/camera/real_camera.go:424.53,430.3 5 0
github.com/CyanAutomation/gogomio/internal/camera/real_camera.go:432.2,432.56 1 2
github.com/CyanAutomation/gogomio/internal/camera/real_camera.go:432.56,438.3 5 0
github.com/CyanAutomation/gogomio/internal/camera/real_camera.go:440.2,440.49 1 2
github.com/CyanAutomation/gogomio/internal/camera/real_camera.go:440.49,446.3 5 1
github.com/CyanAutomation/gogomio/internal/camera/real_camera.go:447.2,452.36 2 1
github.com/CyanAutomation/gogomio/internal/camera/real_camera.go:452.36,456.3 3 0
github.com/CyanAutomation/gogomio/internal/camera/real_camera.go:456.8,458.51 1 1
github.com/CyanAutomation/gogomio/internal/camera/real_camera.go:458.51,460.4 1 1
github.com/CyanAutomation/gogomio/internal/camera/real_camera.go:463.2,469.39 6 0
github.com/CyanAutomation/gogomio/internal/camera/real_camera.go:472.57,488.2 2 5
github.com/CyanAutomation/gogomio/internal/camera/real_camera.go:490.60,506.2 2 5
github.com/CyanAutomation/gogomio/internal/camera/real_camera.go:508.54,534.2 2 4
github.com/CyanAutomation/gogomio/internal/camera/real_camera.go:536.59,542.34 2 165
github.com/CyanAutomation/gogomio/internal/camera/real_camera.go:542.34,544.3 1 21
github.com/CyanAutomation/gogomio/internal/camera/real_camera.go:545.2,545.34 1 165
github.com/CyanAutomation/gogomio/internal/camera/real_camera.go:545.34,547.3 1 40
github.com/CyanAutomation/gogomio/internal/camera/real_camera.go:553.2,556.28 4 165
github.com/CyanAutomation/gogomio/internal/camera/real_camera.go:559.57,560.34 1 17
github.com/CyanAutomation/gogomio/internal/camera/real_camera.go:560.34,562.3 1 4
github.com/CyanAutomation/gogomio/internal/camera/real_camera.go:563.2,563.34 1 13
github.com/CyanAutomation/gogomio/internal/camera/real_camera.go:563.34,565.3 1 4
github.com/CyanAutomation/gogomio/internal/camera/real_camera.go:566.2,566.20 1 9
github.com/CyanAutomation/gogomio/internal/camera/real_camera.go:569.52,588.16 5 2
github.com/CyanAutomation/gogomio/internal/camera/real_camera.go:588.16,591.3 2 1
github.com/CyanAutomation/gogomio/internal/camera/real_camera.go:593.2,595.23 3 1
github.com/CyanAutomation/gogomio/internal/camera/real_camera.go:595.23,597.3 1 1
github.com/CyanAutomation/gogomio/internal/camera/real_camera.go:598.2,598.49 1 1
github.com/CyanAutomation/gogomio/internal/camera/real_camera.go:601.77,603.9 2 4
github.com/CyanAutomation/gogomio/internal/camera/real_camera.go:604.50,605.233 1 2
github.com/CyanAutomation/gogomio/internal/camera/real_camera.go:610.48,611.212 1 1
github.com/CyanAutomation/gogomio/internal/camera/real_camera.go:612.10,613.216 1 1
github.com/CyanAutomation/gogomio/internal/camera/real_camera.go:617.136,619.16 2 0
github.com/CyanAutomation/gogomio/internal/camera/real_camera.go:619.16,622.3 2 0
github.com/CyanAutomation/gogomio/internal/camera/real_camera.go:623.2,624.16 2 0
github.com/CyanAutomation/gogomio/internal/camera/real_camera.go:624.16,627.3 2 0
github.com/CyanAutomation/gogomio/internal/camera/real_camera.go:628.2,629.16 2 0
github.com/CyanAutomation/gogomio/internal/camera/real_camera.go:629.16,632.3 2 0
github.com/CyanAutomation/gogomio/internal/camera/real_camera.go:633.2,633.36 1 0
github.com/CyanAutomation/gogomio/internal/camera/real_camera.go:633.36,636.3 2 0
github.com/CyanAutomation/gogomio/internal/camera/real_camera.go:637.2,638.40 2 0
github.com/CyanAutomation/gogomio/internal/camera/real_camera.go:641.41,642.15 1 6
github.com/CyanAutomation/gogomio/internal/camera/real_camera.go:642.15,643.31 1 6
github.com/CyanAutomation/gogomio/internal/camera/real_camera.go:643.31,645.4 1 0
github.com/CyanAutomation/gogomio/internal/camera/real_camera.go:646.3,647.23 2 6
github.com/CyanAutomation/gogomio/internal/camera/real_camera.go:650.2,656.6 5 6
github.com/CyanAutomation/gogomio/internal/camera/real_camera.go:656.6,658.27 1 9
github.com/CyanAutomation/gogomio/internal/camera/real_camera.go:658.27,661.4 2 0
github.com/CyanAutomation/gogomio/internal/camera/real_camera.go:663.3,668.34 5 9
github.com/CyanAutomation/gogomio/internal/camera/real_camera.go:668.34,670.4 1 0
github.com/CyanAutomation/gogomio/internal/camera/real_camera.go:672.3,674.12 3 9
github.com/CyanAutomation/gogomio/internal/camera/real_camera.go:674.12,675.25 1 3
github.com/CyanAutomation/gogomio/internal/camera/real_camera.go:675.25,677.5 1 3
github.com/CyanAutomation/gogomio/internal/camera/real_camera.go:679.4,681.46 3 3
github.com/CyanAutomation/gogomio/internal/camera/real_camera.go:681.46,683.32 2 0
github.com/CyanAutomation/gogomio/internal/camera/real_camera.go:683.32,686.6 2 0
github.com/CyanAutomation/gogomio/internal/camera/real_camera.go:687.5,689.11 3 0
github.com/CyanAutomation/gogomio/internal/camera/real_camera.go:691.4,691.8 1 3
github.com/CyanAutomation/gogomio/internal/camera/real_camera.go:691.8,693.15 2 7
github.com/CyanAutomation/gogomio/internal/camera/real_camera.go:693.15,694.11 1 3
github.com/CyanAutomation/gogomio/internal/camera/real_camera.go:696.5,697.29 2 4
github.com/CyanAutomation/gogomio/internal/camera/real_camera.go:697.29,699.6 1 4
github.com/CyanAutomation/gogomio/internal/camera/real_camera.go:703.5,705.32 3 4
github.com/CyanAutomation/gogomio/internal/camera/real_camera.go:705.32,707.6 1 4
github.com/CyanAutomation/gogomio/internal/camera/real_camera.go:708.5,709.30 2 4
github.com/CyanAutomation/gogomio/internal/camera/real_camera.go:711.4,711.26 1 3
github.com/CyanAutomation/gogomio/internal/camera/real_camera.go:714.3,714.17 1 9
github.com/CyanAutomation/gogomio/internal/camera/real_camera.go:714.17,715.54 1 6
github.com/CyanAutomation/gogomio/internal/camera/real_camera.go:715.54,718.5 2 2
github.com/CyanAutomation/gogomio/internal/camera/real_camera.go:719.4,720.27 2 4
github.com/CyanAutomation/gogomio/internal/camera/real_camera.go:720.27,722.32 2 4
github.com/CyanAutomation/gogomio/internal/camera/real_camera.go:722.32,725.6 2 4
github.com/CyanAutomation/gogomio/internal/camera/real_camera.go:726.5,726.132 1 4
github.com/CyanAutomation/gogomio/internal/camera/real_camera.go:728.4,729.10 2 4
github.com/CyanAutomation/gogomio/internal/camera/real_camera.go:734.37,735.15 1 6
github.com/CyanAutomation/gogomio/internal/camera/real_camera.go:735.15,736.31 1 6
github.com/CyanAutomation/gogomio/internal/camera/real_camera.go:736.31,738.4 1 0
github.com/CyanAutomation/gogomio/internal/camera/real_camera.go:739.3,740.23 2 6
github.com/CyanAutomation/gogomio/internal/camera/real_camera.go:743.2,746.26 2 6
github.com/CyanAutomation/gogomio/internal/camera/real_camera.go:746.26,748.3 1 0
github.com/CyanAutomation/gogomio/internal/camera/real_camera.go:750.2,755.33 5 6
github.com/CyanAutomation/gogomio/internal/camera/real_camera.go:755.33,757.3 1 0
github.com/CyanAutomation/gogomio/internal/camera/real_camera.go:759.2,760.21 2 6
github.com/CyanAutomation/gogomio/internal/camera/real_camera.go:760.21,762.27 1 0
github.com/CyanAutomation/gogomio/internal/camera/real_camera.go:762.27,764.4 1 0
github.com/CyanAutomation/gogomio/internal/camera/real_camera.go:765.3,766.17 2 0
github.com/CyanAutomation/gogomio/internal/camera/real_camera.go:766.17,768.4 1 0
github.com/CyanAutomation/gogomio/internal/camera/real_camera.go:770.2,770.38 1 6
github.com/CyanAutomation/gogomio/internal/camera/real_camera.go:770.38,772.3 1 0
github.com/CyanAutomation/gogomio/internal/camera/real_camera.go:775.83,777.17 2 8
github.com/CyanAutomation/gogomio/internal/camera/real_camera.go:777.17,778.22 1 3
github.com/CyanAutomation/gogomio/internal/camera/real_camera.go:778.22,780.4 1 0
github.com/CyanAutomation/gogomio/internal/camera/real_camera.go:781.3,781.28 1 3
github.com/CyanAutomation/gogomio/internal/camera/real_camera.go:784.2,785.18 2 5
github.com/CyanAutomation/gogomio/internal/camera/real_camera.go:785.18,786.16 1 0
github.com/CyanAutomation/gogomio/internal/camera/real_camera.go:786.16,788.4 1 0
github.com/CyanAutomation/gogomio/internal/camera/real_camera.go:789.3,789.28 1 0
github.com/CyanAutomation/gogomio/internal/camera/real_camera.go:792.2,793.46 2 5
github.com/CyanAutomation/gogomio/internal/camera/real_camera.go:798.70,801.16 3 5
github.com/CyanAutomation/gogomio/internal/camera/real_camera.go:801.16,803.3 1 0
github.com/CyanAutomation/gogomio/internal/camera/real_camera.go:804.2,804.25 1 5
github.com/CyanAutomation/gogomio/internal/camera/real_camera.go:808.39,809.15 1 6
github.com/CyanAutomation/gogomio/internal/camera/real_camera.go:809.15,810.31 1 0
github.com/CyanAutomation/gogomio/internal/camera/real_camera.go:810.31,812.4 1 0
github.com/CyanAutomation/gogomio/internal/camera/real_camera.go:813.3,813.41 1 0
github.com/CyanAutomation/gogomio/internal/camera/real_camera.go:816.2,824.21 6 6
github.com/CyanAutomation/gogomio/internal/camera/real_camera.go:824.21,825.27 1 0
github.com/CyanAutomation/gogomio/internal/camera/real_camera.go:825.27,827.4 1 0
github.com/CyanAutomation/gogomio/internal/camera/real_camera.go:830.3,834.41 4 0
github.com/CyanAutomation/gogomio/internal/camera/real_camera.go:834.41,837.4 1 0
github.com/CyanAutomation/gogomio/internal/camera/real_camera.go:840.3,845.37 5 0
github.com/CyanAutomation/gogomio/internal/camera/real_camera.go:845.37,849.4 3 0
github.com/CyanAutomation/gogomio/internal/camera/real_camera.go:849.9,850.31 1 0
github.com/CyanAutomation/gogomio/internal/camera/real_camera.go:850.31,852.41 2 0
github.com/CyanAutomation/gogomio/internal/camera/real_camera.go:852.41,854.6 1 0
github.com/CyanAutomation/gogomio/internal/camera/real_camera.go:854.11,854.48 1 0
github.com/CyanAutomation/gogomio/internal/camera/real_camera.go:854.48,856.6 1 0
github.com/CyanAutomation/gogomio/internal/camera/real_camera.go:860.3,860.23 1 0
github.com/CyanAutomation/gogomio/internal/camera/real_camera.go:860.23,862.4 1 0
github.com/CyanAutomation/gogomio/internal/camera/stream_stats.go:22.36,29.2 2 31
github.com/CyanAutomation/gogomio/internal/camera/stream_stats.go:33.52,46.2 7 1233
github.com/CyanAutomation/gogomio/internal/camera/stream_stats.go:51.59,59.33 5 513
github.com/CyanAutomation/gogomio/internal/camera/stream_stats.go:59.33,62.3 2 510
github.com/CyanAutomation/gogomio/internal/camera/stream_stats.go:65.2,66.16 2 513
github.com/CyanAutomation/gogomio/internal/camera/stream_stats.go:66.16,70.3 3 14
github.com/CyanAutomation/gogomio/internal/camera/stream_stats.go:72.2,72.39 1 513
github.com/CyanAutomation/gogomio/internal/camera/stream_stats.go:77.46,80.43 2 14
github.com/CyanAutomation/gogomio/internal/camera/stream_stats.go:80.43,81.15 1 420
github.com/CyanAutomation/gogomio/internal/camera/stream_stats.go:81.15,83.4 1 180
github.com/CyanAutomation/gogomio/internal/camera/stream_stats.go:86.2,86.25 1 14
github.com/CyanAutomation/gogomio/internal/camera/stream_stats.go:86.25,88.3 1 4
github.com/CyanAutomation/gogomio/internal/camera/stream_stats.go:91.2,93.32 3 10
github.com/CyanAutomation/gogomio/internal/camera/stream_stats.go:93.32,94.17 1 179
github.com/CyanAutomation/gogomio/internal/camera/stream_stats.go:94.17,96.4 1 1
github.com/CyanAutomation/gogomio/internal/camera/stream_stats.go:97.3,97.17 1 179
github.com/CyanAutomation/gogomio/internal/camera/stream_stats.go:97.17,99.4 1 137
github.com/CyanAutomation/gogomio/internal/camera/stream_stats.go:102.2,103.19 2 10
github.com/CyanAutomation/gogomio/internal/camera/stream_stats.go:103.19,105.3 1 1
github.com/CyanAutomation/gogomio/internal/camera/stream_stats.go:109.2,111.36 3 9
github.com/CyanAutomation/gogomio/internal/camera/stream_stats.go:116.60,120.68 3 4
github.com/CyanAutomation/gogomio/internal/camera/stream_stats.go:120.68,122.3 1 1
github.com/CyanAutomation/gogomio/internal/camera/stream_stats.go:124.2,125.43 2 3
github.com/CyanAutomation/gogomio/internal/camera/stream_stats.go:125.43,126.15 1 90
github.com/CyanAutomation/gogomio/internal/camera/stream_stats.go:126.15,128.4 1 78
github.com/CyanAutomation/gogomio/internal/camera/stream_stats.go:129.3,130.10 2 12
github.com/CyanAutomation/gogomio/internal/camera/stream_stats.go:130.10,132.4 1 0
github.com/CyanAutomation/gogomio/internal/camera/stream_stats.go:133.3,133.20 1 12
github.com/CyanAutomation/gogomio/internal/camera/stream_stats.go:133.20,135.4 1 8
github.com/CyanAutomation/gogomio/internal/camera/stream_stats.go:138.2,138.14 1 3
github.com/CyanAutomation/gogomio/internal/camera/stream_stats.go:143.64,147.33 3 0
github.com/CyanAutomation/gogomio/internal/camera/stream_stats.go:147.33,149.3 1 0
github.com/CyanAutomation/gogomio/internal/camera/stream_stats.go:151.2,152.29 2 0
github.com/CyanAutomation/gogomio/internal/web/web.go:19.38,21.65 1 8
github.com/CyanAutomation/gogomio/internal/web/web.go:21.65,22.24 1 5
github.com/CyanAutomation/gogomio/internal/web/web.go:22.24,25.4 2 0
github.com/CyanAutomation/gogomio/internal/web/web.go:26.3,30.17 4 5
github.com/CyanAutomation/gogomio/internal/web/web.go:30.17,34.4 3 0
github.com/CyanAutomation/gogomio/internal/web/web.go:35.3,35.42 1 5
github.com/CyanAutomation/gogomio/internal/web/web.go:35.42,38.4 1 0
github.com/CyanAutomation/gogomio/internal/web/web.go:42.2,43.16 2 8
github.com/CyanAutomation/gogomio/internal/web/web.go:43.16,46.3 2 0
github.com/CyanAutomation/gogomio/internal/web/web.go:47.2,48.92 2 8
github.com/CyanAutomation/gogomio/internal/web/web.go:48.92,51.3 2 9
